<?xml version="1.0" encoding="UTF-8"?>
<coverage generated="1710565875482" clover="3.2.0">
  <project timestamp="1710565875482" name="All files">
    <metrics statements="101" coveredstatements="101" conditionals="20" coveredconditionals="20" methods="53" coveredmethods="53" elements="174" coveredelements="174" complexity="0" loc="101" ncloc="101" packages="1" files="10" classes="10"/>
    <file name="buildings.js" path="/Users/nathanip/Documents/SLO 2023-2024/CSC 307/mnms-campus-app/packages/express-backend/src/models/buildings.js">
      <metrics statements="2" coveredstatements="2" conditionals="0" coveredconditionals="0" methods="0" coveredmethods="0"/>
      <line num="3" count="2" type="stmt"/>
      <line num="24" count="2" type="stmt"/>
    </file>
    <file name="buildingsServices.js" path="/Users/nathanip/Documents/SLO 2023-2024/CSC 307/mnms-campus-app/packages/express-backend/src/models/buildingsServices.js">
      <metrics statements="7" coveredstatements="7" conditionals="0" coveredconditionals="0" methods="6" coveredmethods="6"/>
      <line num="3" count="1" type="stmt"/>
      <line num="5" count="1" type="stmt"/>
      <line num="9" count="1" type="stmt"/>
      <line num="13" count="1" type="stmt"/>
      <line num="17" count="1" type="stmt"/>
      <line num="21" count="1" type="stmt"/>
      <line num="25" count="1" type="stmt"/>
    </file>
    <file name="course.js" path="/Users/nathanip/Documents/SLO 2023-2024/CSC 307/mnms-campus-app/packages/express-backend/src/models/course.js">
      <metrics statements="2" coveredstatements="2" conditionals="0" coveredconditionals="0" methods="0" coveredmethods="0"/>
      <line num="3" count="2" type="stmt"/>
      <line num="40" count="2" type="stmt"/>
    </file>
    <file name="coursesServices.js" path="/Users/nathanip/Documents/SLO 2023-2024/CSC 307/mnms-campus-app/packages/express-backend/src/models/coursesServices.js">
      <metrics statements="9" coveredstatements="9" conditionals="2" coveredconditionals="2" methods="5" coveredmethods="5"/>
      <line num="3" count="1" type="stmt"/>
      <line num="5" count="2" type="stmt"/>
      <line num="15" count="2" type="cond" truecount="2" falsecount="0"/>
      <line num="16" count="1" type="stmt"/>
      <line num="18" count="1" type="stmt"/>
      <line num="21" count="1" type="stmt"/>
      <line num="24" count="1" type="stmt"/>
      <line num="27" count="1" type="stmt"/>
      <line num="30" count="2" type="stmt"/>
    </file>
    <file name="schedule.js" path="/Users/nathanip/Documents/SLO 2023-2024/CSC 307/mnms-campus-app/packages/express-backend/src/models/schedule.js">
      <metrics statements="2" coveredstatements="2" conditionals="0" coveredconditionals="0" methods="0" coveredmethods="0"/>
      <line num="3" count="3" type="stmt"/>
      <line num="18" count="3" type="stmt"/>
    </file>
    <file name="scheduleServices.js" path="/Users/nathanip/Documents/SLO 2023-2024/CSC 307/mnms-campus-app/packages/express-backend/src/models/scheduleServices.js">
      <metrics statements="5" coveredstatements="5" conditionals="0" coveredconditionals="0" methods="4" coveredmethods="4"/>
      <line num="3" count="2" type="stmt"/>
      <line num="5" count="1" type="stmt"/>
      <line num="9" count="1" type="stmt"/>
      <line num="13" count="1" type="stmt"/>
      <line num="17" count="1" type="stmt"/>
    </file>
    <file name="shuttle.js" path="/Users/nathanip/Documents/SLO 2023-2024/CSC 307/mnms-campus-app/packages/express-backend/src/models/shuttle.js">
      <metrics statements="2" coveredstatements="2" conditionals="0" coveredconditionals="0" methods="0" coveredmethods="0"/>
      <line num="3" count="2" type="stmt"/>
      <line num="26" count="2" type="stmt"/>
    </file>
    <file name="shuttleServices.js" path="/Users/nathanip/Documents/SLO 2023-2024/CSC 307/mnms-campus-app/packages/express-backend/src/models/shuttleServices.js">
      <metrics statements="5" coveredstatements="5" conditionals="0" coveredconditionals="0" methods="4" coveredmethods="4"/>
      <line num="3" count="1" type="stmt"/>
      <line num="5" count="1" type="stmt"/>
      <line num="8" count="1" type="stmt"/>
      <line num="11" count="1" type="stmt"/>
      <line num="14" count="1" type="stmt"/>
    </file>
    <file name="user.js" path="/Users/nathanip/Documents/SLO 2023-2024/CSC 307/mnms-campus-app/packages/express-backend/src/models/user.js">
      <metrics statements="7" coveredstatements="7" conditionals="2" coveredconditionals="2" methods="1" coveredmethods="1"/>
      <line num="4" count="2" type="stmt"/>
      <line num="33" count="2" type="stmt"/>
      <line num="34" count="5" type="stmt"/>
      <line num="35" count="5" type="cond" truecount="2" falsecount="0"/>
      <line num="36" count="4" type="stmt"/>
      <line num="37" count="4" type="stmt"/>
      <line num="41" count="2" type="stmt"/>
    </file>
    <file name="usersServices.js" path="/Users/nathanip/Documents/SLO 2023-2024/CSC 307/mnms-campus-app/packages/express-backend/src/models/usersServices.js">
      <metrics statements="60" coveredstatements="60" conditionals="16" coveredconditionals="16" methods="33" coveredmethods="33"/>
      <line num="6" count="1" type="stmt"/>
      <line num="8" count="3" type="stmt"/>
      <line num="9" count="3" type="stmt"/>
      <line num="11" count="2" type="cond" truecount="2" falsecount="0"/>
      <line num="12" count="1" type="stmt"/>
      <line num="14" count="1" type="stmt"/>
      <line num="18" count="1" type="stmt"/>
      <line num="19" count="1" type="stmt"/>
      <line num="25" count="2" type="stmt"/>
      <line num="29" count="2" type="stmt"/>
      <line num="33" count="3" type="stmt"/>
      <line num="37" count="6" type="stmt"/>
      <line num="41" count="2" type="stmt"/>
      <line num="45" count="4" type="stmt"/>
      <line num="46" count="4" type="cond" truecount="2" falsecount="0"/>
      <line num="47" count="3" type="stmt"/>
      <line num="49" count="1" type="stmt"/>
      <line num="55" count="5" type="stmt"/>
      <line num="56" count="5" type="stmt"/>
      <line num="58" count="4" type="cond" truecount="2" falsecount="0"/>
      <line num="59" count="2" type="stmt"/>
      <line num="60" count="2" type="stmt"/>
      <line num="62" count="2" type="stmt"/>
      <line num="63" count="2" type="stmt"/>
      <line num="73" count="4" type="stmt"/>
      <line num="76" count="1" type="stmt"/>
      <line num="77" count="1" type="stmt"/>
      <line num="85" count="3" type="stmt"/>
      <line num="86" count="3" type="stmt"/>
      <line num="88" count="2" type="cond" truecount="2" falsecount="0"/>
      <line num="89" count="1" type="stmt"/>
      <line num="90" count="1" type="stmt"/>
      <line num="92" count="1" type="stmt"/>
      <line num="95" count="1" type="stmt"/>
      <line num="96" count="1" type="stmt"/>
      <line num="99" count="1" type="stmt"/>
      <line num="100" count="1" type="stmt"/>
      <line num="109" count="1" type="stmt"/>
      <line num="113" count="1" type="stmt"/>
      <line num="119" count="4" type="stmt"/>
      <line num="120" count="4" type="stmt"/>
      <line num="122" count="3" type="cond" truecount="2" falsecount="0"/>
      <line num="123" count="1" type="stmt"/>
      <line num="125" count="3" type="stmt"/>
      <line num="126" count="2" type="cond" truecount="2" falsecount="0"/>
      <line num="127" count="1" type="stmt"/>
      <line num="129" count="1" type="stmt"/>
      <line num="134" count="2" type="stmt"/>
      <line num="135" count="2" type="stmt"/>
      <line num="141" count="5" type="stmt"/>
      <line num="143" count="4" type="cond" truecount="2" falsecount="0"/>
      <line num="144" count="1" type="stmt"/>
      <line num="146" count="3" type="stmt"/>
      <line num="148" count="2" type="cond" truecount="2" falsecount="0"/>
      <line num="149" count="1" type="stmt"/>
      <line num="151" count="1" type="stmt"/>
      <line num="155" count="1" type="stmt"/>
      <line num="156" count="1" type="stmt"/>
      <line num="160" count="2" type="stmt"/>
      <line num="161" count="2" type="stmt"/>
    </file>
  </project>
</coverage>
