{
  "/Users/nathanip/Documents/SLO 2023-2024/CSC 307/mnms-campus-app/packages/express-backend/src/models/buildings.js": {
    "path": "/Users/nathanip/Documents/SLO 2023-2024/CSC 307/mnms-campus-app/packages/express-backend/src/models/buildings.js",
    "statementMap": {
      "0": {
        "start": { "line": 3, "column": 23 },
        "end": { "line": 22, "column": 2 }
      },
      "1": {
        "start": { "line": 24, "column": 17 },
        "end": { "line": 24, "column": 59 }
      }
    },
    "fnMap": {},
    "branchMap": {},
    "s": { "0": 2, "1": 2 },
    "f": {},
    "b": {},
    "inputSourceMap": null,
    "_coverageSchema": "1a1c01bbd47fc00a2c39e90264f33305004495a9",
    "hash": "f179739f52a569b289ebab5243fe0bc48a7ef795"
  },
  "/Users/nathanip/Documents/SLO 2023-2024/CSC 307/mnms-campus-app/packages/express-backend/src/models/buildingsServices.js": {
    "path": "/Users/nathanip/Documents/SLO 2023-2024/CSC 307/mnms-campus-app/packages/express-backend/src/models/buildingsServices.js",
    "statementMap": {
      "0": {
        "start": { "line": 3, "column": 25 },
        "end": { "line": 27, "column": 1 }
      },
      "1": {
        "start": { "line": 5, "column": 4 },
        "end": { "line": 5, "column": 38 }
      },
      "2": {
        "start": { "line": 9, "column": 4 },
        "end": { "line": 9, "column": 28 }
      },
      "3": {
        "start": { "line": 13, "column": 4 },
        "end": { "line": 13, "column": 43 }
      },
      "4": {
        "start": { "line": 17, "column": 4 },
        "end": { "line": 17, "column": 34 }
      },
      "5": {
        "start": { "line": 21, "column": 4 },
        "end": { "line": 21, "column": 45 }
      },
      "6": {
        "start": { "line": 25, "column": 4 },
        "end": { "line": 25, "column": 49 }
      }
    },
    "fnMap": {
      "0": {
        "name": "(anonymous_0)",
        "decl": {
          "start": { "line": 4, "column": 15 },
          "end": { "line": 4, "column": 16 }
        },
        "loc": {
          "start": { "line": 4, "column": 35 },
          "end": { "line": 6, "column": 3 }
        },
        "line": 4
      },
      "1": {
        "name": "(anonymous_1)",
        "decl": {
          "start": { "line": 8, "column": 16 },
          "end": { "line": 8, "column": 17 }
        },
        "loc": {
          "start": { "line": 8, "column": 28 },
          "end": { "line": 10, "column": 3 }
        },
        "line": 8
      },
      "2": {
        "name": "(anonymous_2)",
        "decl": {
          "start": { "line": 12, "column": 18 },
          "end": { "line": 12, "column": 19 }
        },
        "loc": {
          "start": { "line": 12, "column": 32 },
          "end": { "line": 14, "column": 3 }
        },
        "line": 12
      },
      "3": {
        "name": "(anonymous_3)",
        "decl": {
          "start": { "line": 16, "column": 20 },
          "end": { "line": 16, "column": 21 }
        },
        "loc": {
          "start": { "line": 16, "column": 34 },
          "end": { "line": 18, "column": 3 }
        },
        "line": 16
      },
      "4": {
        "name": "(anonymous_4)",
        "decl": {
          "start": { "line": 20, "column": 22 },
          "end": { "line": 20, "column": 23 }
        },
        "loc": {
          "start": { "line": 20, "column": 38 },
          "end": { "line": 22, "column": 3 }
        },
        "line": 20
      },
      "5": {
        "name": "(anonymous_5)",
        "decl": {
          "start": { "line": 24, "column": 24 },
          "end": { "line": 24, "column": 25 }
        },
        "loc": {
          "start": { "line": 24, "column": 42 },
          "end": { "line": 26, "column": 3 }
        },
        "line": 24
      }
    },
    "branchMap": {},
    "s": { "0": 1, "1": 1, "2": 1, "3": 1, "4": 1, "5": 1, "6": 1 },
    "f": { "0": 1, "1": 1, "2": 1, "3": 1, "4": 1, "5": 1 },
    "b": {},
    "inputSourceMap": null,
    "_coverageSchema": "1a1c01bbd47fc00a2c39e90264f33305004495a9",
    "hash": "907b771c982e844ad58632c42a734318f8dce996"
  },
  "/Users/nathanip/Documents/SLO 2023-2024/CSC 307/mnms-campus-app/packages/express-backend/src/models/course.js": {
    "path": "/Users/nathanip/Documents/SLO 2023-2024/CSC 307/mnms-campus-app/packages/express-backend/src/models/course.js",
    "statementMap": {
      "0": {
        "start": { "line": 3, "column": 21 },
        "end": { "line": 38, "column": 2 }
      },
      "1": {
        "start": { "line": 40, "column": 15 },
        "end": { "line": 40, "column": 53 }
      }
    },
    "fnMap": {},
    "branchMap": {},
    "s": { "0": 2, "1": 2 },
    "f": {},
    "b": {},
    "inputSourceMap": null,
    "_coverageSchema": "1a1c01bbd47fc00a2c39e90264f33305004495a9",
    "hash": "6182ff7c5e767f19349248258ddc04048f487acc"
  },
  "/Users/nathanip/Documents/SLO 2023-2024/CSC 307/mnms-campus-app/packages/express-backend/src/models/coursesServices.js": {
    "path": "/Users/nathanip/Documents/SLO 2023-2024/CSC 307/mnms-campus-app/packages/express-backend/src/models/coursesServices.js",
    "statementMap": {
      "0": {
        "start": { "line": 3, "column": 24 },
        "end": { "line": 32, "column": 1 }
      },
      "1": {
        "start": { "line": 5, "column": 27 },
        "end": { "line": 14, "column": 6 }
      },
      "2": {
        "start": { "line": 15, "column": 4 },
        "end": { "line": 17, "column": 5 }
      },
      "3": {
        "start": { "line": 16, "column": 6 },
        "end": { "line": 16, "column": 28 }
      },
      "4": {
        "start": { "line": 18, "column": 4 },
        "end": { "line": 18, "column": 31 }
      },
      "5": {
        "start": { "line": 21, "column": 4 },
        "end": { "line": 21, "column": 25 }
      },
      "6": {
        "start": { "line": 24, "column": 4 },
        "end": { "line": 24, "column": 40 }
      },
      "7": {
        "start": { "line": 27, "column": 4 },
        "end": { "line": 27, "column": 31 }
      },
      "8": {
        "start": { "line": 30, "column": 4 },
        "end": { "line": 30, "column": 70 }
      }
    },
    "fnMap": {
      "0": {
        "name": "(anonymous_0)",
        "decl": {
          "start": { "line": 4, "column": 13 },
          "end": { "line": 4, "column": 14 }
        },
        "loc": {
          "start": { "line": 4, "column": 35 },
          "end": { "line": 19, "column": 3 }
        },
        "line": 4
      },
      "1": {
        "name": "(anonymous_1)",
        "decl": {
          "start": { "line": 20, "column": 14 },
          "end": { "line": 20, "column": 15 }
        },
        "loc": {
          "start": { "line": 20, "column": 26 },
          "end": { "line": 22, "column": 3 }
        },
        "line": 20
      },
      "2": {
        "name": "(anonymous_2)",
        "decl": {
          "start": { "line": 23, "column": 16 },
          "end": { "line": 23, "column": 17 }
        },
        "loc": {
          "start": { "line": 23, "column": 30 },
          "end": { "line": 25, "column": 3 }
        },
        "line": 23
      },
      "3": {
        "name": "(anonymous_3)",
        "decl": {
          "start": { "line": 26, "column": 18 },
          "end": { "line": 26, "column": 19 }
        },
        "loc": {
          "start": { "line": 26, "column": 32 },
          "end": { "line": 28, "column": 3 }
        },
        "line": 26
      },
      "4": {
        "name": "(anonymous_4)",
        "decl": {
          "start": { "line": 29, "column": 29 },
          "end": { "line": 29, "column": 30 }
        },
        "loc": {
          "start": { "line": 29, "column": 62 },
          "end": { "line": 31, "column": 3 }
        },
        "line": 29
      }
    },
    "branchMap": {
      "0": {
        "loc": {
          "start": { "line": 15, "column": 4 },
          "end": { "line": 17, "column": 5 }
        },
        "type": "if",
        "locations": [
          {
            "start": { "line": 15, "column": 4 },
            "end": { "line": 17, "column": 5 }
          },
          { "start": {}, "end": {} }
        ],
        "line": 15
      }
    },
    "s": {
      "0": 1,
      "1": 2,
      "2": 2,
      "3": 1,
      "4": 1,
      "5": 1,
      "6": 1,
      "7": 1,
      "8": 2
    },
    "f": { "0": 2, "1": 1, "2": 1, "3": 1, "4": 2 },
    "b": { "0": [1, 1] },
    "inputSourceMap": null,
    "_coverageSchema": "1a1c01bbd47fc00a2c39e90264f33305004495a9",
    "hash": "b2f4b2e8cb03ed6ca8e2dcfc681088528f25b327"
  },
  "/Users/nathanip/Documents/SLO 2023-2024/CSC 307/mnms-campus-app/packages/express-backend/src/models/schedule.js": {
    "path": "/Users/nathanip/Documents/SLO 2023-2024/CSC 307/mnms-campus-app/packages/express-backend/src/models/schedule.js",
    "statementMap": {
      "0": {
        "start": { "line": 3, "column": 23 },
        "end": { "line": 16, "column": 2 }
      },
      "1": {
        "start": { "line": 18, "column": 17 },
        "end": { "line": 18, "column": 59 }
      }
    },
    "fnMap": {},
    "branchMap": {},
    "s": { "0": 3, "1": 3 },
    "f": {},
    "b": {},
    "inputSourceMap": null,
    "_coverageSchema": "1a1c01bbd47fc00a2c39e90264f33305004495a9",
    "hash": "0f96c2ea62996d861cf5dbff77a7bfaf2ebd83c9"
  },
  "/Users/nathanip/Documents/SLO 2023-2024/CSC 307/mnms-campus-app/packages/express-backend/src/models/scheduleServices.js": {
    "path": "/Users/nathanip/Documents/SLO 2023-2024/CSC 307/mnms-campus-app/packages/express-backend/src/models/scheduleServices.js",
    "statementMap": {
      "0": {
        "start": { "line": 3, "column": 25 },
        "end": { "line": 19, "column": 1 }
      },
      "1": {
        "start": { "line": 5, "column": 4 },
        "end": { "line": 5, "column": 42 }
      },
      "2": {
        "start": { "line": 9, "column": 4 },
        "end": { "line": 9, "column": 32 }
      },
      "3": {
        "start": { "line": 13, "column": 4 },
        "end": { "line": 13, "column": 47 }
      },
      "4": {
        "start": { "line": 17, "column": 4 },
        "end": { "line": 17, "column": 38 }
      }
    },
    "fnMap": {
      "0": {
        "name": "(anonymous_0)",
        "decl": {
          "start": { "line": 4, "column": 2 },
          "end": { "line": 4, "column": 3 }
        },
        "loc": {
          "start": { "line": 4, "column": 24 },
          "end": { "line": 6, "column": 3 }
        },
        "line": 4
      },
      "1": {
        "name": "(anonymous_1)",
        "decl": {
          "start": { "line": 8, "column": 2 },
          "end": { "line": 8, "column": 3 }
        },
        "loc": {
          "start": { "line": 8, "column": 17 },
          "end": { "line": 10, "column": 3 }
        },
        "line": 8
      },
      "2": {
        "name": "(anonymous_2)",
        "decl": {
          "start": { "line": 12, "column": 2 },
          "end": { "line": 12, "column": 3 }
        },
        "loc": {
          "start": { "line": 12, "column": 21 },
          "end": { "line": 14, "column": 3 }
        },
        "line": 12
      },
      "3": {
        "name": "(anonymous_3)",
        "decl": {
          "start": { "line": 16, "column": 2 },
          "end": { "line": 16, "column": 3 }
        },
        "loc": {
          "start": { "line": 16, "column": 23 },
          "end": { "line": 18, "column": 3 }
        },
        "line": 16
      }
    },
    "branchMap": {},
    "s": { "0": 2, "1": 1, "2": 1, "3": 1, "4": 1 },
    "f": { "0": 1, "1": 1, "2": 1, "3": 1 },
    "b": {},
    "inputSourceMap": null,
    "_coverageSchema": "1a1c01bbd47fc00a2c39e90264f33305004495a9",
    "hash": "aa47af42fec6f8b3039881693d2a933a2babb2a1"
  },
  "/Users/nathanip/Documents/SLO 2023-2024/CSC 307/mnms-campus-app/packages/express-backend/src/models/shuttle.js": {
    "path": "/Users/nathanip/Documents/SLO 2023-2024/CSC 307/mnms-campus-app/packages/express-backend/src/models/shuttle.js",
    "statementMap": {
      "0": {
        "start": { "line": 3, "column": 30 },
        "end": { "line": 24, "column": 2 }
      },
      "1": {
        "start": { "line": 26, "column": 24 },
        "end": { "line": 29, "column": 1 }
      }
    },
    "fnMap": {},
    "branchMap": {},
    "s": { "0": 2, "1": 2 },
    "f": {},
    "b": {},
    "inputSourceMap": null,
    "_coverageSchema": "1a1c01bbd47fc00a2c39e90264f33305004495a9",
    "hash": "cfe821d55b88244aab3f0a9596dfd4cd28739ba3"
  },
  "/Users/nathanip/Documents/SLO 2023-2024/CSC 307/mnms-campus-app/packages/express-backend/src/models/shuttleServices.js": {
    "path": "/Users/nathanip/Documents/SLO 2023-2024/CSC 307/mnms-campus-app/packages/express-backend/src/models/shuttleServices.js",
    "statementMap": {
      "0": {
        "start": { "line": 3, "column": 24 },
        "end": { "line": 16, "column": 1 }
      },
      "1": {
        "start": { "line": 5, "column": 4 },
        "end": { "line": 5, "column": 38 }
      },
      "2": {
        "start": { "line": 8, "column": 4 },
        "end": { "line": 8, "column": 28 }
      },
      "3": {
        "start": { "line": 11, "column": 4 },
        "end": { "line": 11, "column": 43 }
      },
      "4": {
        "start": { "line": 14, "column": 4 },
        "end": { "line": 14, "column": 34 }
      }
    },
    "fnMap": {
      "0": {
        "name": "(anonymous_0)",
        "decl": {
          "start": { "line": 4, "column": 2 },
          "end": { "line": 4, "column": 3 }
        },
        "loc": {
          "start": { "line": 4, "column": 24 },
          "end": { "line": 6, "column": 3 }
        },
        "line": 4
      },
      "1": {
        "name": "(anonymous_1)",
        "decl": {
          "start": { "line": 7, "column": 2 },
          "end": { "line": 7, "column": 3 }
        },
        "loc": {
          "start": { "line": 7, "column": 17 },
          "end": { "line": 9, "column": 3 }
        },
        "line": 7
      },
      "2": {
        "name": "(anonymous_2)",
        "decl": {
          "start": { "line": 10, "column": 2 },
          "end": { "line": 10, "column": 3 }
        },
        "loc": {
          "start": { "line": 10, "column": 21 },
          "end": { "line": 12, "column": 3 }
        },
        "line": 10
      },
      "3": {
        "name": "(anonymous_3)",
        "decl": {
          "start": { "line": 13, "column": 2 },
          "end": { "line": 13, "column": 3 }
        },
        "loc": {
          "start": { "line": 13, "column": 23 },
          "end": { "line": 15, "column": 3 }
        },
        "line": 13
      }
    },
    "branchMap": {},
    "s": { "0": 1, "1": 1, "2": 1, "3": 1, "4": 1 },
    "f": { "0": 1, "1": 1, "2": 1, "3": 1 },
    "b": {},
    "inputSourceMap": null,
    "_coverageSchema": "1a1c01bbd47fc00a2c39e90264f33305004495a9",
    "hash": "03f788a958cfc44740c46f37bc2e81d1f1755054"
  },
  "/Users/nathanip/Documents/SLO 2023-2024/CSC 307/mnms-campus-app/packages/express-backend/src/models/user.js": {
    "path": "/Users/nathanip/Documents/SLO 2023-2024/CSC 307/mnms-campus-app/packages/express-backend/src/models/user.js",
    "statementMap": {
      "0": {
        "start": { "line": 4, "column": 19 },
        "end": { "line": 31, "column": 2 }
      },
      "1": {
        "start": { "line": 33, "column": 0 },
        "end": { "line": 39, "column": 3 }
      },
      "2": {
        "start": { "line": 34, "column": 15 },
        "end": { "line": 34, "column": 19 }
      },
      "3": {
        "start": { "line": 35, "column": 2 },
        "end": { "line": 38, "column": 3 }
      },
      "4": {
        "start": { "line": 36, "column": 4 },
        "end": { "line": 36, "column": 41 }
      },
      "5": {
        "start": { "line": 37, "column": 4 },
        "end": { "line": 37, "column": 64 }
      },
      "6": {
        "start": { "line": 41, "column": 13 },
        "end": { "line": 41, "column": 47 }
      }
    },
    "fnMap": {
      "0": {
        "name": "(anonymous_0)",
        "decl": {
          "start": { "line": 33, "column": 23 },
          "end": { "line": 33, "column": 24 }
        },
        "loc": {
          "start": { "line": 33, "column": 41 },
          "end": { "line": 39, "column": 1 }
        },
        "line": 33
      }
    },
    "branchMap": {
      "0": {
        "loc": {
          "start": { "line": 35, "column": 2 },
          "end": { "line": 38, "column": 3 }
        },
        "type": "if",
        "locations": [
          {
            "start": { "line": 35, "column": 2 },
            "end": { "line": 38, "column": 3 }
          },
          { "start": {}, "end": {} }
        ],
        "line": 35
      }
    },
    "s": { "0": 2, "1": 2, "2": 5, "3": 5, "4": 4, "5": 4, "6": 2 },
    "f": { "0": 5 },
    "b": { "0": [4, 1] },
    "inputSourceMap": null,
    "_coverageSchema": "1a1c01bbd47fc00a2c39e90264f33305004495a9",
    "hash": "52deb29e36c8af587bb9eb19fc98745db0acc1e0"
  },
  "/Users/nathanip/Documents/SLO 2023-2024/CSC 307/mnms-campus-app/packages/express-backend/src/models/usersServices.js": {
    "path": "/Users/nathanip/Documents/SLO 2023-2024/CSC 307/mnms-campus-app/packages/express-backend/src/models/usersServices.js",
    "statementMap": {
      "0": {
        "start": { "line": 6, "column": 22 },
        "end": { "line": 164, "column": 1 }
      },
      "1": {
        "start": { "line": 8, "column": 4 },
        "end": { "line": 21, "column": 7 }
      },
      "2": {
        "start": { "line": 9, "column": 6 },
        "end": { "line": 20, "column": 11 }
      },
      "3": {
        "start": { "line": 11, "column": 10 },
        "end": { "line": 15, "column": 11 }
      },
      "4": {
        "start": { "line": 12, "column": 12 },
        "end": { "line": 12, "column": 26 }
      },
      "5": {
        "start": { "line": 14, "column": 12 },
        "end": { "line": 14, "column": 44 }
      },
      "6": {
        "start": { "line": 18, "column": 10 },
        "end": { "line": 18, "column": 31 }
      },
      "7": {
        "start": { "line": 19, "column": 10 },
        "end": { "line": 19, "column": 24 }
      },
      "8": {
        "start": { "line": 25, "column": 4 },
        "end": { "line": 25, "column": 28 }
      },
      "9": {
        "start": { "line": 29, "column": 4 },
        "end": { "line": 29, "column": 43 }
      },
      "10": {
        "start": { "line": 33, "column": 4 },
        "end": { "line": 33, "column": 34 }
      },
      "11": {
        "start": { "line": 37, "column": 4 },
        "end": { "line": 37, "column": 53 }
      },
      "12": {
        "start": { "line": 41, "column": 4 },
        "end": { "line": 41, "column": 47 }
      },
      "13": {
        "start": { "line": 45, "column": 4 },
        "end": { "line": 51, "column": 7 }
      },
      "14": {
        "start": { "line": 46, "column": 6 },
        "end": { "line": 50, "column": 7 }
      },
      "15": {
        "start": { "line": 47, "column": 8 },
        "end": { "line": 47, "column": 58 }
      },
      "16": {
        "start": { "line": 49, "column": 8 },
        "end": { "line": 49, "column": 20 }
      },
      "17": {
        "start": { "line": 55, "column": 4 },
        "end": { "line": 79, "column": 7 }
      },
      "18": {
        "start": { "line": 56, "column": 6 },
        "end": { "line": 78, "column": 11 }
      },
      "19": {
        "start": { "line": 58, "column": 10 },
        "end": { "line": 61, "column": 11 }
      },
      "20": {
        "start": { "line": 59, "column": 12 },
        "end": { "line": 59, "column": 26 }
      },
      "21": {
        "start": { "line": 60, "column": 12 },
        "end": { "line": 60, "column": 19 }
      },
      "22": {
        "start": { "line": 62, "column": 21 },
        "end": { "line": 62, "column": 29 }
      },
      "23": {
        "start": { "line": 63, "column": 10 },
        "end": { "line": 70, "column": 12 }
      },
      "24": {
        "start": { "line": 73, "column": 10 },
        "end": { "line": 73, "column": 26 }
      },
      "25": {
        "start": { "line": 76, "column": 10 },
        "end": { "line": 76, "column": 31 }
      },
      "26": {
        "start": { "line": 77, "column": 10 },
        "end": { "line": 77, "column": 24 }
      },
      "27": {
        "start": { "line": 85, "column": 4 },
        "end": { "line": 115, "column": 7 }
      },
      "28": {
        "start": { "line": 86, "column": 6 },
        "end": { "line": 114, "column": 11 }
      },
      "29": {
        "start": { "line": 88, "column": 10 },
        "end": { "line": 91, "column": 11 }
      },
      "30": {
        "start": { "line": 89, "column": 12 },
        "end": { "line": 89, "column": 26 }
      },
      "31": {
        "start": { "line": 90, "column": 12 },
        "end": { "line": 90, "column": 19 }
      },
      "32": {
        "start": { "line": 92, "column": 10 },
        "end": { "line": 110, "column": 15 }
      },
      "33": {
        "start": { "line": 95, "column": 14 },
        "end": { "line": 95, "column": 38 }
      },
      "34": {
        "start": { "line": 96, "column": 14 },
        "end": { "line": 96, "column": 55 }
      },
      "35": {
        "start": { "line": 99, "column": 25 },
        "end": { "line": 99, "column": 33 }
      },
      "36": {
        "start": { "line": 100, "column": 14 },
        "end": { "line": 106, "column": 16 }
      },
      "37": {
        "start": { "line": 109, "column": 14 },
        "end": { "line": 109, "column": 30 }
      },
      "38": {
        "start": { "line": 113, "column": 10 },
        "end": { "line": 113, "column": 24 }
      },
      "39": {
        "start": { "line": 119, "column": 4 },
        "end": { "line": 137, "column": 7 }
      },
      "40": {
        "start": { "line": 120, "column": 6 },
        "end": { "line": 136, "column": 11 }
      },
      "41": {
        "start": { "line": 122, "column": 10 },
        "end": { "line": 124, "column": 11 }
      },
      "42": {
        "start": { "line": 123, "column": 12 },
        "end": { "line": 123, "column": 26 }
      },
      "43": {
        "start": { "line": 125, "column": 10 },
        "end": { "line": 131, "column": 13 }
      },
      "44": {
        "start": { "line": 126, "column": 12 },
        "end": { "line": 130, "column": 13 }
      },
      "45": {
        "start": { "line": 127, "column": 14 },
        "end": { "line": 127, "column": 28 }
      },
      "46": {
        "start": { "line": 129, "column": 14 },
        "end": { "line": 129, "column": 28 }
      },
      "47": {
        "start": { "line": 134, "column": 10 },
        "end": { "line": 134, "column": 31 }
      },
      "48": {
        "start": { "line": 135, "column": 10 },
        "end": { "line": 135, "column": 24 }
      },
      "49": {
        "start": { "line": 141, "column": 4 },
        "end": { "line": 162, "column": 9 }
      },
      "50": {
        "start": { "line": 143, "column": 8 },
        "end": { "line": 145, "column": 9 }
      },
      "51": {
        "start": { "line": 144, "column": 10 },
        "end": { "line": 144, "column": 22 }
      },
      "52": {
        "start": { "line": 146, "column": 8 },
        "end": { "line": 157, "column": 13 }
      },
      "53": {
        "start": { "line": 148, "column": 12 },
        "end": { "line": 152, "column": 13 }
      },
      "54": {
        "start": { "line": 149, "column": 14 },
        "end": { "line": 149, "column": 31 }
      },
      "55": {
        "start": { "line": 151, "column": 14 },
        "end": { "line": 151, "column": 26 }
      },
      "56": {
        "start": { "line": 155, "column": 12 },
        "end": { "line": 155, "column": 61 }
      },
      "57": {
        "start": { "line": 156, "column": 12 },
        "end": { "line": 156, "column": 24 }
      },
      "58": {
        "start": { "line": 160, "column": 8 },
        "end": { "line": 160, "column": 57 }
      },
      "59": {
        "start": { "line": 161, "column": 8 },
        "end": { "line": 161, "column": 20 }
      }
    },
    "fnMap": {
      "0": {
        "name": "(anonymous_0)",
        "decl": {
          "start": { "line": 7, "column": 11 },
          "end": { "line": 7, "column": 12 }
        },
        "loc": {
          "start": { "line": 7, "column": 27 },
          "end": { "line": 22, "column": 3 }
        },
        "line": 7
      },
      "1": {
        "name": "(anonymous_1)",
        "decl": {
          "start": { "line": 8, "column": 23 },
          "end": { "line": 8, "column": 24 }
        },
        "loc": {
          "start": { "line": 8, "column": 44 },
          "end": { "line": 21, "column": 5 }
        },
        "line": 8
      },
      "2": {
        "name": "(anonymous_2)",
        "decl": {
          "start": { "line": 10, "column": 14 },
          "end": { "line": 10, "column": 15 }
        },
        "loc": {
          "start": { "line": 10, "column": 29 },
          "end": { "line": 16, "column": 9 }
        },
        "line": 10
      },
      "3": {
        "name": "(anonymous_3)",
        "decl": {
          "start": { "line": 17, "column": 15 },
          "end": { "line": 17, "column": 16 }
        },
        "loc": {
          "start": { "line": 17, "column": 26 },
          "end": { "line": 20, "column": 9 }
        },
        "line": 17
      },
      "4": {
        "name": "(anonymous_4)",
        "decl": {
          "start": { "line": 24, "column": 12 },
          "end": { "line": 24, "column": 13 }
        },
        "loc": {
          "start": { "line": 24, "column": 24 },
          "end": { "line": 26, "column": 3 }
        },
        "line": 24
      },
      "5": {
        "name": "(anonymous_5)",
        "decl": {
          "start": { "line": 28, "column": 14 },
          "end": { "line": 28, "column": 15 }
        },
        "loc": {
          "start": { "line": 28, "column": 28 },
          "end": { "line": 30, "column": 3 }
        },
        "line": 28
      },
      "6": {
        "name": "(anonymous_6)",
        "decl": {
          "start": { "line": 32, "column": 16 },
          "end": { "line": 32, "column": 17 }
        },
        "loc": {
          "start": { "line": 32, "column": 30 },
          "end": { "line": 34, "column": 3 }
        },
        "line": 32
      },
      "7": {
        "name": "(anonymous_7)",
        "decl": {
          "start": { "line": 36, "column": 22 },
          "end": { "line": 36, "column": 23 }
        },
        "loc": {
          "start": { "line": 36, "column": 42 },
          "end": { "line": 38, "column": 3 }
        },
        "line": 36
      },
      "8": {
        "name": "(anonymous_8)",
        "decl": {
          "start": { "line": 40, "column": 19 },
          "end": { "line": 40, "column": 20 }
        },
        "loc": {
          "start": { "line": 40, "column": 36 },
          "end": { "line": 42, "column": 3 }
        },
        "line": 40
      },
      "9": {
        "name": "(anonymous_9)",
        "decl": {
          "start": { "line": 44, "column": 18 },
          "end": { "line": 44, "column": 19 }
        },
        "loc": {
          "start": { "line": 44, "column": 50 },
          "end": { "line": 52, "column": 3 }
        },
        "line": 44
      },
      "10": {
        "name": "(anonymous_10)",
        "decl": {
          "start": { "line": 45, "column": 62 },
          "end": { "line": 45, "column": 63 }
        },
        "loc": {
          "start": { "line": 45, "column": 76 },
          "end": { "line": 51, "column": 5 }
        },
        "line": 45
      },
      "11": {
        "name": "(anonymous_11)",
        "decl": {
          "start": { "line": 54, "column": 21 },
          "end": { "line": 54, "column": 22 }
        },
        "loc": {
          "start": { "line": 54, "column": 51 },
          "end": { "line": 80, "column": 3 }
        },
        "line": 54
      },
      "12": {
        "name": "(anonymous_12)",
        "decl": {
          "start": { "line": 55, "column": 23 },
          "end": { "line": 55, "column": 24 }
        },
        "loc": {
          "start": { "line": 55, "column": 44 },
          "end": { "line": 79, "column": 5 }
        },
        "line": 55
      },
      "13": {
        "name": "(anonymous_13)",
        "decl": {
          "start": { "line": 57, "column": 14 },
          "end": { "line": 57, "column": 15 }
        },
        "loc": {
          "start": { "line": 57, "column": 24 },
          "end": { "line": 71, "column": 9 }
        },
        "line": 57
      },
      "14": {
        "name": "(anonymous_14)",
        "decl": {
          "start": { "line": 72, "column": 14 },
          "end": { "line": 72, "column": 15 }
        },
        "loc": {
          "start": { "line": 72, "column": 26 },
          "end": { "line": 74, "column": 9 }
        },
        "line": 72
      },
      "15": {
        "name": "(anonymous_15)",
        "decl": {
          "start": { "line": 75, "column": 15 },
          "end": { "line": 75, "column": 16 }
        },
        "loc": {
          "start": { "line": 75, "column": 26 },
          "end": { "line": 78, "column": 9 }
        },
        "line": 75
      },
      "16": {
        "name": "(anonymous_16)",
        "decl": {
          "start": { "line": 82, "column": 14 },
          "end": { "line": 82, "column": 15 }
        },
        "loc": {
          "start": { "line": 82, "column": 47 },
          "end": { "line": 116, "column": 3 }
        },
        "line": 82
      },
      "17": {
        "name": "(anonymous_17)",
        "decl": {
          "start": { "line": 85, "column": 23 },
          "end": { "line": 85, "column": 24 }
        },
        "loc": {
          "start": { "line": 85, "column": 44 },
          "end": { "line": 115, "column": 5 }
        },
        "line": 85
      },
      "18": {
        "name": "(anonymous_18)",
        "decl": {
          "start": { "line": 87, "column": 14 },
          "end": { "line": 87, "column": 15 }
        },
        "loc": {
          "start": { "line": 87, "column": 24 },
          "end": { "line": 111, "column": 9 }
        },
        "line": 87
      },
      "19": {
        "name": "(anonymous_19)",
        "decl": {
          "start": { "line": 94, "column": 18 },
          "end": { "line": 94, "column": 19 }
        },
        "loc": {
          "start": { "line": 94, "column": 37 },
          "end": { "line": 97, "column": 13 }
        },
        "line": 94
      },
      "20": {
        "name": "(anonymous_20)",
        "decl": {
          "start": { "line": 98, "column": 18 },
          "end": { "line": 98, "column": 19 }
        },
        "loc": {
          "start": { "line": 98, "column": 38 },
          "end": { "line": 107, "column": 13 }
        },
        "line": 98
      },
      "21": {
        "name": "(anonymous_21)",
        "decl": {
          "start": { "line": 108, "column": 18 },
          "end": { "line": 108, "column": 19 }
        },
        "loc": {
          "start": { "line": 108, "column": 30 },
          "end": { "line": 110, "column": 13 }
        },
        "line": 108
      },
      "22": {
        "name": "(anonymous_22)",
        "decl": {
          "start": { "line": 112, "column": 15 },
          "end": { "line": 112, "column": 16 }
        },
        "loc": {
          "start": { "line": 112, "column": 26 },
          "end": { "line": 114, "column": 9 }
        },
        "line": 112
      },
      "23": {
        "name": "(anonymous_23)",
        "decl": {
          "start": { "line": 118, "column": 20 },
          "end": { "line": 118, "column": 21 }
        },
        "loc": {
          "start": { "line": 118, "column": 50 },
          "end": { "line": 138, "column": 3 }
        },
        "line": 118
      },
      "24": {
        "name": "(anonymous_24)",
        "decl": {
          "start": { "line": 119, "column": 23 },
          "end": { "line": 119, "column": 24 }
        },
        "loc": {
          "start": { "line": 119, "column": 44 },
          "end": { "line": 137, "column": 5 }
        },
        "line": 119
      },
      "25": {
        "name": "(anonymous_25)",
        "decl": {
          "start": { "line": 121, "column": 14 },
          "end": { "line": 121, "column": 15 }
        },
        "loc": {
          "start": { "line": 121, "column": 24 },
          "end": { "line": 132, "column": 9 }
        },
        "line": 121
      },
      "26": {
        "name": "(anonymous_26)",
        "decl": {
          "start": { "line": 125, "column": 50 },
          "end": { "line": 125, "column": 51 }
        },
        "loc": {
          "start": { "line": 125, "column": 64 },
          "end": { "line": 131, "column": 11 }
        },
        "line": 125
      },
      "27": {
        "name": "(anonymous_27)",
        "decl": {
          "start": { "line": 133, "column": 15 },
          "end": { "line": 133, "column": 16 }
        },
        "loc": {
          "start": { "line": 133, "column": 26 },
          "end": { "line": 136, "column": 9 }
        },
        "line": 133
      },
      "28": {
        "name": "(anonymous_28)",
        "decl": {
          "start": { "line": 140, "column": 14 },
          "end": { "line": 140, "column": 15 }
        },
        "loc": {
          "start": { "line": 140, "column": 53 },
          "end": { "line": 163, "column": 3 }
        },
        "line": 140
      },
      "29": {
        "name": "(anonymous_29)",
        "decl": {
          "start": { "line": 142, "column": 12 },
          "end": { "line": 142, "column": 13 }
        },
        "loc": {
          "start": { "line": 142, "column": 22 },
          "end": { "line": 158, "column": 7 }
        },
        "line": 142
      },
      "30": {
        "name": "(anonymous_30)",
        "decl": {
          "start": { "line": 147, "column": 16 },
          "end": { "line": 147, "column": 17 }
        },
        "loc": {
          "start": { "line": 147, "column": 31 },
          "end": { "line": 153, "column": 11 }
        },
        "line": 147
      },
      "31": {
        "name": "(anonymous_31)",
        "decl": {
          "start": { "line": 154, "column": 17 },
          "end": { "line": 154, "column": 18 }
        },
        "loc": {
          "start": { "line": 154, "column": 28 },
          "end": { "line": 157, "column": 11 }
        },
        "line": 154
      },
      "32": {
        "name": "(anonymous_32)",
        "decl": {
          "start": { "line": 159, "column": 13 },
          "end": { "line": 159, "column": 14 }
        },
        "loc": {
          "start": { "line": 159, "column": 24 },
          "end": { "line": 162, "column": 7 }
        },
        "line": 159
      }
    },
    "branchMap": {
      "0": {
        "loc": {
          "start": { "line": 11, "column": 10 },
          "end": { "line": 15, "column": 11 }
        },
        "type": "if",
        "locations": [
          {
            "start": { "line": 11, "column": 10 },
            "end": { "line": 15, "column": 11 }
          },
          {
            "start": { "line": 13, "column": 17 },
            "end": { "line": 15, "column": 11 }
          }
        ],
        "line": 11
      },
      "1": {
        "loc": {
          "start": { "line": 46, "column": 6 },
          "end": { "line": 50, "column": 7 }
        },
        "type": "if",
        "locations": [
          {
            "start": { "line": 46, "column": 6 },
            "end": { "line": 50, "column": 7 }
          },
          {
            "start": { "line": 48, "column": 13 },
            "end": { "line": 50, "column": 7 }
          }
        ],
        "line": 46
      },
      "2": {
        "loc": {
          "start": { "line": 58, "column": 10 },
          "end": { "line": 61, "column": 11 }
        },
        "type": "if",
        "locations": [
          {
            "start": { "line": 58, "column": 10 },
            "end": { "line": 61, "column": 11 }
          },
          { "start": {}, "end": {} }
        ],
        "line": 58
      },
      "3": {
        "loc": {
          "start": { "line": 88, "column": 10 },
          "end": { "line": 91, "column": 11 }
        },
        "type": "if",
        "locations": [
          {
            "start": { "line": 88, "column": 10 },
            "end": { "line": 91, "column": 11 }
          },
          { "start": {}, "end": {} }
        ],
        "line": 88
      },
      "4": {
        "loc": {
          "start": { "line": 122, "column": 10 },
          "end": { "line": 124, "column": 11 }
        },
        "type": "if",
        "locations": [
          {
            "start": { "line": 122, "column": 10 },
            "end": { "line": 124, "column": 11 }
          },
          { "start": {}, "end": {} }
        ],
        "line": 122
      },
      "5": {
        "loc": {
          "start": { "line": 126, "column": 12 },
          "end": { "line": 130, "column": 13 }
        },
        "type": "if",
        "locations": [
          {
            "start": { "line": 126, "column": 12 },
            "end": { "line": 130, "column": 13 }
          },
          {
            "start": { "line": 128, "column": 19 },
            "end": { "line": 130, "column": 13 }
          }
        ],
        "line": 126
      },
      "6": {
        "loc": {
          "start": { "line": 143, "column": 8 },
          "end": { "line": 145, "column": 9 }
        },
        "type": "if",
        "locations": [
          {
            "start": { "line": 143, "column": 8 },
            "end": { "line": 145, "column": 9 }
          },
          { "start": {}, "end": {} }
        ],
        "line": 143
      },
      "7": {
        "loc": {
          "start": { "line": 148, "column": 12 },
          "end": { "line": 152, "column": 13 }
        },
        "type": "if",
        "locations": [
          {
            "start": { "line": 148, "column": 12 },
            "end": { "line": 152, "column": 13 }
          },
          {
            "start": { "line": 150, "column": 19 },
            "end": { "line": 152, "column": 13 }
          }
        ],
        "line": 148
      }
    },
    "s": {
      "0": 1,
      "1": 3,
      "2": 3,
      "3": 2,
      "4": 1,
      "5": 1,
      "6": 1,
      "7": 1,
      "8": 2,
      "9": 2,
      "10": 3,
      "11": 6,
      "12": 2,
      "13": 4,
      "14": 4,
      "15": 3,
      "16": 1,
      "17": 5,
      "18": 5,
      "19": 4,
      "20": 2,
      "21": 2,
      "22": 2,
      "23": 2,
      "24": 4,
      "25": 1,
      "26": 1,
      "27": 3,
      "28": 3,
      "29": 2,
      "30": 1,
      "31": 1,
      "32": 1,
      "33": 1,
      "34": 1,
      "35": 1,
      "36": 1,
      "37": 1,
      "38": 1,
      "39": 4,
      "40": 4,
      "41": 3,
      "42": 1,
      "43": 3,
      "44": 2,
      "45": 1,
      "46": 1,
      "47": 2,
      "48": 2,
      "49": 5,
      "50": 4,
      "51": 1,
      "52": 3,
      "53": 2,
      "54": 1,
      "55": 1,
      "56": 1,
      "57": 1,
      "58": 2,
      "59": 2
    },
    "f": {
      "0": 3,
      "1": 3,
      "2": 2,
      "3": 1,
      "4": 2,
      "5": 2,
      "6": 3,
      "7": 6,
      "8": 2,
      "9": 4,
      "10": 4,
      "11": 5,
      "12": 5,
      "13": 4,
      "14": 4,
      "15": 1,
      "16": 3,
      "17": 3,
      "18": 2,
      "19": 1,
      "20": 1,
      "21": 1,
      "22": 1,
      "23": 4,
      "24": 4,
      "25": 3,
      "26": 2,
      "27": 2,
      "28": 5,
      "29": 4,
      "30": 2,
      "31": 1,
      "32": 2
    },
    "b": {
      "0": [1, 1],
      "1": [3, 1],
      "2": [2, 2],
      "3": [1, 1],
      "4": [1, 2],
      "5": [1, 1],
      "6": [1, 3],
      "7": [1, 1]
    },
    "inputSourceMap": null,
    "_coverageSchema": "1a1c01bbd47fc00a2c39e90264f33305004495a9",
    "hash": "83b25e24a70e810c7cdfd5c0743774b602a9e665"
  }
}
