TN:
SF:src/models/buildings.js
FNF:0
FNH:0
DA:3,2
DA:24,2
LF:2
LH:2
BRF:0
BRH:0
end_of_record
TN:
SF:src/models/buildingsServices.js
FN:4,(anonymous_0)
FN:8,(anonymous_1)
FN:12,(anonymous_2)
FN:16,(anonymous_3)
FN:20,(anonymous_4)
FN:24,(anonymous_5)
FNF:6
FNH:6
FNDA:1,(anonymous_0)
FNDA:1,(anonymous_1)
FNDA:1,(anonymous_2)
FNDA:1,(anonymous_3)
FNDA:1,(anonymous_4)
FNDA:1,(anonymous_5)
DA:3,1
DA:5,1
DA:9,1
DA:13,1
DA:17,1
DA:21,1
DA:25,1
LF:7
LH:7
BRF:0
BRH:0
end_of_record
TN:
SF:src/models/course.js
FNF:0
FNH:0
DA:3,2
DA:40,2
LF:2
LH:2
BRF:0
BRH:0
end_of_record
TN:
SF:src/models/coursesServices.js
FN:4,(anonymous_0)
FN:20,(anonymous_1)
FN:23,(anonymous_2)
FN:26,(anonymous_3)
FN:29,(anonymous_4)
FNF:5
FNH:5
FNDA:2,(anonymous_0)
FNDA:1,(anonymous_1)
FNDA:1,(anonymous_2)
FNDA:1,(anonymous_3)
FNDA:2,(anonymous_4)
DA:3,1
DA:5,2
DA:15,2
DA:16,1
DA:18,1
DA:21,1
DA:24,1
DA:27,1
DA:30,2
LF:9
LH:9
BRDA:15,0,0,1
BRDA:15,0,1,1
BRF:2
BRH:2
end_of_record
TN:
SF:src/models/schedule.js
FNF:0
FNH:0
DA:3,3
DA:18,3
LF:2
LH:2
BRF:0
BRH:0
end_of_record
TN:
SF:src/models/scheduleServices.js
FN:4,(anonymous_0)
FN:8,(anonymous_1)
FN:12,(anonymous_2)
FN:16,(anonymous_3)
FNF:4
FNH:4
FNDA:1,(anonymous_0)
FNDA:1,(anonymous_1)
FNDA:1,(anonymous_2)
FNDA:1,(anonymous_3)
DA:3,2
DA:5,1
DA:9,1
DA:13,1
DA:17,1
LF:5
LH:5
BRF:0
BRH:0
end_of_record
TN:
SF:src/models/shuttle.js
FNF:0
FNH:0
DA:3,2
DA:26,2
LF:2
LH:2
BRF:0
BRH:0
end_of_record
TN:
SF:src/models/shuttleServices.js
FN:4,(anonymous_0)
FN:7,(anonymous_1)
FN:10,(anonymous_2)
FN:13,(anonymous_3)
FNF:4
FNH:4
FNDA:1,(anonymous_0)
FNDA:1,(anonymous_1)
FNDA:1,(anonymous_2)
FNDA:1,(anonymous_3)
DA:3,1
DA:5,1
DA:8,1
DA:11,1
DA:14,1
LF:5
LH:5
BRF:0
BRH:0
end_of_record
TN:
SF:src/models/user.js
FN:33,(anonymous_0)
FNF:1
FNH:1
FNDA:5,(anonymous_0)
DA:4,2
DA:33,2
DA:34,5
DA:35,5
DA:36,4
DA:37,4
DA:41,2
LF:7
LH:7
BRDA:35,0,0,4
BRDA:35,0,1,1
BRF:2
BRH:2
end_of_record
TN:
SF:src/models/usersServices.js
FN:7,(anonymous_0)
FN:8,(anonymous_1)
FN:10,(anonymous_2)
FN:17,(anonymous_3)
FN:24,(anonymous_4)
FN:28,(anonymous_5)
FN:32,(anonymous_6)
FN:36,(anonymous_7)
FN:40,(anonymous_8)
FN:44,(anonymous_9)
FN:45,(anonymous_10)
FN:54,(anonymous_11)
FN:55,(anonymous_12)
FN:57,(anonymous_13)
FN:72,(anonymous_14)
FN:75,(anonymous_15)
FN:82,(anonymous_16)
FN:85,(anonymous_17)
FN:87,(anonymous_18)
FN:94,(anonymous_19)
FN:98,(anonymous_20)
FN:108,(anonymous_21)
FN:112,(anonymous_22)
FN:118,(anonymous_23)
FN:119,(anonymous_24)
FN:121,(anonymous_25)
FN:125,(anonymous_26)
FN:133,(anonymous_27)
FN:140,(anonymous_28)
FN:142,(anonymous_29)
FN:147,(anonymous_30)
FN:154,(anonymous_31)
FN:159,(anonymous_32)
FNF:33
FNH:33
FNDA:3,(anonymous_0)
FNDA:3,(anonymous_1)
FNDA:2,(anonymous_2)
FNDA:1,(anonymous_3)
FNDA:2,(anonymous_4)
FNDA:2,(anonymous_5)
FNDA:3,(anonymous_6)
FNDA:6,(anonymous_7)
FNDA:2,(anonymous_8)
FNDA:4,(anonymous_9)
FNDA:4,(anonymous_10)
FNDA:5,(anonymous_11)
FNDA:5,(anonymous_12)
FNDA:4,(anonymous_13)
FNDA:4,(anonymous_14)
FNDA:1,(anonymous_15)
FNDA:3,(anonymous_16)
FNDA:3,(anonymous_17)
FNDA:2,(anonymous_18)
FNDA:1,(anonymous_19)
FNDA:1,(anonymous_20)
FNDA:1,(anonymous_21)
FNDA:1,(anonymous_22)
FNDA:4,(anonymous_23)
FNDA:4,(anonymous_24)
FNDA:3,(anonymous_25)
FNDA:2,(anonymous_26)
FNDA:2,(anonymous_27)
FNDA:5,(anonymous_28)
FNDA:4,(anonymous_29)
FNDA:2,(anonymous_30)
FNDA:1,(anonymous_31)
FNDA:2,(anonymous_32)
DA:6,1
DA:8,3
DA:9,3
DA:11,2
DA:12,1
DA:14,1
DA:18,1
DA:19,1
DA:25,2
DA:29,2
DA:33,3
DA:37,6
DA:41,2
DA:45,4
DA:46,4
DA:47,3
DA:49,1
DA:55,5
DA:56,5
DA:58,4
DA:59,2
DA:60,2
DA:62,2
DA:63,2
DA:73,4
DA:76,1
DA:77,1
DA:85,3
DA:86,3
DA:88,2
DA:89,1
DA:90,1
DA:92,1
DA:95,1
DA:96,1
DA:99,1
DA:100,1
DA:109,1
DA:113,1
DA:119,4
DA:120,4
DA:122,3
DA:123,1
DA:125,3
DA:126,2
DA:127,1
DA:129,1
DA:134,2
DA:135,2
DA:141,5
DA:143,4
DA:144,1
DA:146,3
DA:148,2
DA:149,1
DA:151,1
DA:155,1
DA:156,1
DA:160,2
DA:161,2
LF:60
LH:60
BRDA:11,0,0,1
BRDA:11,0,1,1
BRDA:46,1,0,3
BRDA:46,1,1,1
BRDA:58,2,0,2
BRDA:58,2,1,2
BRDA:88,3,0,1
BRDA:88,3,1,1
BRDA:122,4,0,1
BRDA:122,4,1,2
BRDA:126,5,0,1
BRDA:126,5,1,1
BRDA:143,6,0,1
BRDA:143,6,1,3
BRDA:148,7,0,1
BRDA:148,7,1,1
BRF:16
BRH:16
end_of_record
